[     742ms] [TIMEEND] getStatMap: 3.02685546875 ms @ https://trends24.in/init-1.0.3.js:0
[    4364ms] [WARNING] [GPT] PubAdsService.clearTargeting is deprecated, use googletag.setConfig({targeting: ...}) instead.
https://goo.gle/gpt-message#170 @ https://securepubads.g.doubleclick.net/pagead/managed/js/gpt/m202606170101/pubads_impl.js:18
[    4372ms] [WARNING] [GPT] Slot.getTargeting is deprecated, use Slot.getConfig('targeting') instead.
https://goo.gle/gpt-message#201 @ https://securepubads.g.doubleclick.net/pagead/managed/js/gpt/m202606170101/pubads_impl.js:18
[    4644ms] [WARNING]  is not a valid value for uspDnsText @ https://cmp.inmobi.com/tcfv2/56/cmp2.js?referer=trends24.in:1
[    5442ms] [LOG] uspData default usp value based on gpc signal @ https://cmp.inmobi.com/tcfv2/56/cmp2.js?referer=trends24.in:1
[    5442ms] [WARNING] globalPrivacyControl is not available in the browser. Setting usp string as  1N-- @ https://cmp.inmobi.com/tcfv2/56/cmp2.js?referer=trends24.in:1
[    5445ms] [WARNING] Google basic consent is not applicable. @ https://cmp.inmobi.com/tcfv2/56/cmp2.js?referer=trends24.in:1
[    5452ms] [LOG] Visit event sent successfully. @ https://cmp.inmobi.com/tcfv2/56/cmp2.js?referer=trends24.in:1
[    5655ms] [LOG] uspData default usp value based on gpc signal @ https://cmp.inmobi.com/tcfv2/56/cmp2.js?referer=trends24.in:1
[    5655ms] [WARNING] globalPrivacyControl is not available in the browser. Setting usp string as  1N-- @ https://cmp.inmobi.com/tcfv2/56/cmp2.js?referer=trends24.in:1
[    8487ms] [WARNING] [GPT] Using deprecated googletag.encryptedSignalProviders. Please use googletag.secureSignalProviders instead.
https://goo.gle/gpt-message#155 @ https://securepubads.g.doubleclick.net/pagead/managed/js/gpt/m202606170101/pubads_impl.js:18
[    9705ms] [ERROR] Failed to load resource: net::ERR_NAME_NOT_RESOLVED @ https://sync.search.spotxchange.com/partner?adv_id=7025&gdpr=0&gpp_sid=-1&redir=https%3A%2F%2Fcm.g.doubleclick.net%2Fpixel%3Fgoogle_nid%3Dspotxchange_dbm%26google_hm%3D%24SPOTX_BASE64_USER_ID:0
[    9736ms] [WARNING] fun-hooks: referenced 'registerAdserver' but it was never created @ https://live.primis.tech/content/prebid/prebidVid.10.23.17.min.js:10
[    9705ms] [ERROR] Failed to load resource: net::ERR_NAME_NOT_RESOLVED @ https://sync.search.spotxchange.com/partner?adv_id=7025&gdpr=0&gpp_sid=-1&redir=https%3A%2F%2Fcm.g.doubleclick.net%2Fpixel%3Fgoogle_nid%3Dspotxchange_dbm%26google_hm%3D%24SPOTX_BASE64_USER_ID:0
[   10484ms] [ERROR] Failed to load resource: net::ERR_NAME_NOT_RESOLVED @ https://cs.lkqd.net/cs?partnerId=59&redirect=https%3A%2F%2Fcm.g.doubleclick.net%2Fpixel%3Fgoogle_nid%3Dlkqd_dbm%26google_hm%3D%24%24rawlkqduserid%7Cbase64%24%24:0
[   10531ms] [ERROR] Attestation check for Shared Storage on https://www.googleadservices.com failed. @ https://www.googleadservices.com/pagead/managed/js/activeview/current/reach_worklet.html:0
[   10537ms] [ERROR] Attestation check for Shared Storage on https://www.googleadservices.com failed. @ https://www.googleadservices.com/pagead/managed/js/activeview/current/reach_worklet.html:0
[   10539ms] [ERROR] Attestation check for Shared Storage on https://www.googleadservices.com failed. @ https://www.googleadservices.com/pagead/managed/js/activeview/current/reach_worklet.html:0
[   10541ms] [ERROR] Attestation check for Shared Storage on https://www.googleadservices.com failed. @ https://www.googleadservices.com/pagead/managed/js/activeview/current/reach_worklet.html:0
[   10543ms] [ERROR] Attestation check for Shared Storage on https://www.googleadservices.com failed. @ https://www.googleadservices.com/pagead/managed/js/activeview/current/reach_worklet.html:0
[   10545ms] [ERROR] Attestation check for Shared Storage on https://www.googleadservices.com failed. @ https://www.googleadservices.com/pagead/managed/js/activeview/current/reach_worklet.html:0
[   10756ms] [ERROR] Failed to load resource: net::ERR_CONNECTION_CLOSED @ https://csync.loopme.me/?redirect=https%3A%2F%2Fid5-sync.com%2Fc%2F1189%2F821%2F7%2F2.gif%3Fpuid%3D%7Bdevice_id%7D%26gdpr%3D0%26gdpr_consent%3D%26gpp%3DDBABBg%7EBoAAAACQ.QA%26gpp_sid%3D8:0
[   10531ms] [ERROR] Attestation check for Shared Storage on https://www.googleadservices.com failed. @ https://www.googleadservices.com/pagead/managed/js/activeview/current/reach_worklet.html:0
[   10537ms] [ERROR] Attestation check for Shared Storage on https://www.googleadservices.com failed. @ https://www.googleadservices.com/pagead/managed/js/activeview/current/reach_worklet.html:0
[   10539ms] [ERROR] Attestation check for Shared Storage on https://www.googleadservices.com failed. @ https://www.googleadservices.com/pagead/managed/js/activeview/current/reach_worklet.html:0
[   10541ms] [ERROR] Attestation check for Shared Storage on https://www.googleadservices.com failed. @ https://www.googleadservices.com/pagead/managed/js/activeview/current/reach_worklet.html:0
[   10543ms] [ERROR] Attestation check for Shared Storage on https://www.googleadservices.com failed. @ https://www.googleadservices.com/pagead/managed/js/activeview/current/reach_worklet.html:0
[   10545ms] [ERROR] Attestation check for Shared Storage on https://www.googleadservices.com failed. @ https://www.googleadservices.com/pagead/managed/js/activeview/current/reach_worklet.html:0
[   14663ms] [ERROR] Attestation check for Shared Storage on https://www.googleadservices.com failed. @ https://www.googleadservices.com/pagead/managed/js/activeview/current/reach_worklet.html:0
[   16513ms] Failed to read a named property 'document' from 'Window': Blocked a frame with origin "https://bccdc33b363d9137d8119577123ad0e4.safeframe.googlesyndication.com" from accessing a frame with origin "https://trends24.in". Protocols, domains, and ports must match.
[   16532ms] Failed to read a named property 'document' from 'Window': Blocked a frame with origin "https://bccdc33b363d9137d8119577123ad0e4.safeframe.googlesyndication.com" from accessing a frame with origin "https://trends24.in". Protocols, domains, and ports must match.
[   16549ms] Failed to read a named property 'document' from 'Window': Blocked a frame with origin "https://bccdc33b363d9137d8119577123ad0e4.safeframe.googlesyndication.com" from accessing a frame with origin "https://trends24.in". Protocols, domains, and ports must match.
[   18550ms] [DIR] SyntaxError @ https://js.ad-score.com/score.min.js?pid=1000925&tt=g:1
[   18894ms] [DIR] SyntaxError @ https://js.ad-score.com/score.min.js?pid=1000925&tt=g:1
[   18977ms] [DIR] SyntaxError @ https://js.ad-score.com/score.min.js?pid=1000940&tt=g:1
