[    5123ms] [ERROR] Failed to load resource: the server responded with a status of 403 () @ https://onlinelibrary.wiley.com/products/acropolis/pericles/releasedAssets/fonts/open-sans/open-sans-v15-latin-300italic-f87536f8fce296ba6c4205276423d1f8.woff2:0
[    5132ms] [ERROR] Failed to load resource: the server responded with a status of 403 () @ https://onlinelibrary.wiley.com/products/acropolis/pericles/releasedAssets/fonts/open-sans/open-sans-v15-latin-600-27152396a129082ada86fd6444b9ad4b.woff2:0
[    5153ms] [ERROR] Failed to load resource: the server responded with a status of 403 () @ https://onlinelibrary.wiley.com/products/acropolis/pericles/releasedAssets/fonts/open-sans/open-sans-v34-latin-ext-300italic-b89e08a52a38d3a5fa12b265ef1799e4.woff2:0
[    5174ms] [ERROR] Failed to load resource: the server responded with a status of 403 () @ https://onlinelibrary.wiley.com/products/acropolis/pericles/releasedAssets/fonts/open-sans/open-sans-v15-latin-300-f2ebdee8c2343f558a0221d276957606.woff2:0
[    5191ms] [ERROR] Failed to load resource: the server responded with a status of 403 () @ https://onlinelibrary.wiley.com/products/acropolis/pericles/releasedAssets/fonts/open-sans/open-sans-v15-latin-600italic-fe6c0e0a84eb03400dc58528fcdaad00.woff2:0
[    5217ms] [ERROR] Failed to load resource: the server responded with a status of 403 () @ https://onlinelibrary.wiley.com/products/acropolis/pericles/releasedAssets/fonts/open-sans/open-sans-v15-latin-800-3b2da54475cee88b1387631ce1eb8599.woff2:0
[    5222ms] [ERROR] Failed to load resource: the server responded with a status of 403 () @ https://onlinelibrary.wiley.com/products/acropolis/pericles/releasedAssets/fonts/open-sans/open-sans-v15-latin-700italic-aff641ffb783d3346c2a56316eb86fea.woff2:0
[    5337ms] [ERROR] Failed to load resource: the server responded with a status of 403 () @ https://onlinelibrary.wiley.com/products/acropolis/pericles/releasedAssets/fonts/open-sans/open-sans-v15-latin-700-7435e6c2064f36f486266e516e9838b8.woff2:0
[    5339ms] [ERROR] Failed to load resource: the server responded with a status of 403 () @ https://onlinelibrary.wiley.com/products/acropolis/pericles/releasedAssets/fonts/open-sans/open-sans-v15-latin-800italic-6d6776db88bc05414be342f8c8ee6ad9.woff2:0
[    5339ms] [ERROR] Failed to load resource: the server responded with a status of 403 () @ https://onlinelibrary.wiley.com/products/acropolis/pericles/releasedAssets/fonts/open-sans/open-sans-v15-latin-italic-30e38142e06c4c0ee948fc7d851ad780.woff2:0
[    5339ms] [ERROR] Failed to load resource: the server responded with a status of 403 () @ https://onlinelibrary.wiley.com/products/acropolis/pericles/releasedAssets/fonts/open-sans/open-sans-v15-latin-regular-87a454b233bedae23f8d1be11e8b4f68.woff:0
[    5342ms] [ERROR] Failed to load resource: the server responded with a status of 403 () @ https://onlinelibrary.wiley.com/products/acropolis/pericles/releasedAssets/fonts/open-sans/open-sans-v29-latin-ext-600-5ea434b2a50014495a3280ca861d474d.woff2:0
[    5343ms] [ERROR] Failed to load resource: the server responded with a status of 403 () @ https://onlinelibrary.wiley.com/products/acropolis/pericles/releasedAssets/fonts/open-sans/open-sans-v29-latin-ext-300-53a72308edae8f52dfe45352d474466f.woff2:0
[    5536ms] [ERROR] Failed to load resource: the server responded with a status of 403 () @ https://onlinelibrary.wiley.com/products/acropolis/pericles/releasedAssets/fonts/open-sans/open-sans-v29-latin-ext-regular-ccfa20f8de7f73249c39bd9b206e0b3b.woff2:0
[    5704ms] [ERROR] Failed to load resource: the server responded with a status of 403 () @ https://onlinelibrary.wiley.com/products/acropolis/pericles/releasedAssets/fonts/open-sans/open-sans-v29-latin-ext-italic-2b6b4e6c5b21536d981f80949b396264.woff2:0
[    5708ms] [ERROR] Failed to load resource: the server responded with a status of 403 () @ https://onlinelibrary.wiley.com/products/acropolis/pericles/releasedAssets/fonts/open-sans/open-sans-v29-latin-ext-600italic-21d098b9bf85845fdaac6c732e6c94de.woff2:0
[    5712ms] [ERROR] Failed to load resource: the server responded with a status of 403 () @ https://onlinelibrary.wiley.com/products/acropolis/pericles/releasedAssets/fonts/open-sans/open-sans-v29-latin-ext-300italic-3db9f2e1daaac364a9a5be78d0293585.woff2:0
[    5712ms] [ERROR] Failed to load resource: the server responded with a status of 403 () @ https://onlinelibrary.wiley.com/products/acropolis/pericles/releasedAssets/fonts/open-sans/open-sans-v34-latin-ext-300-c02b27b95119783b496326ecb22cc429.woff2:0
[    5713ms] [ERROR] Failed to load resource: the server responded with a status of 403 () @ https://onlinelibrary.wiley.com/products/acropolis/pericles/releasedAssets/fonts/open-sans/open-sans-v34-latin-ext-600italic-0c935711cfb2e1e8f22ec36a8ccfafb2.woff2:0
[    5716ms] [ERROR] Failed to load resource: the server responded with a status of 403 () @ https://onlinelibrary.wiley.com/products/acropolis/pericles/releasedAssets/fonts/open-sans/open-sans-v34-latin-ext-600-d985c84909eb941bc635fa8524d08f55.woff2:0
[    5716ms] [ERROR] Failed to load resource: the server responded with a status of 403 () @ https://onlinelibrary.wiley.com/products/acropolis/pericles/releasedAssets/fonts/source-serif-pro/source-serif-pro-v5-latin-700-de41b2bc81b8d395f1ede0f357968cb0.woff2:0
[    5717ms] [ERROR] Failed to load resource: the server responded with a status of 403 () @ https://onlinelibrary.wiley.com/products/acropolis/pericles/releasedAssets/fonts/open-sans/open-sans-v34-latin-ext-italic-3e38a3ad85a9d7971ef16a1e8a3f2e7f.woff2:0
[    5717ms] [ERROR] Failed to load resource: the server responded with a status of 403 () @ https://onlinelibrary.wiley.com/products/acropolis/pericles/releasedAssets/fonts/source-serif-pro/source-serif-pro-v5-latin-600-c499fba2e89b590ea2e845c08766668b.woff2:0
[    5719ms] [ERROR] Failed to load resource: the server responded with a status of 403 () @ https://onlinelibrary.wiley.com/products/acropolis/pericles/releasedAssets/fonts/source-serif-pro/source-serif-pro-v5-latin-regular-80b2da76a0438320789aa7091b21055a.woff2:0
[    6764ms] [LOG] [nimble-params] site=wol&page=article&cid=10.1111%2F1346-8138.15472&q= @ https://onlinelibrary.wiley.com/doi/10.1111/1346-8138.15472:547
[    7040ms] [ERROR] Failed to load resource: the server responded with a status of 403 () @ https://onlinelibrary.wiley.com/products/acropolis/pericles/releasedAssets/fonts/open-sans-v29-latin-ext-regular-f155ae6c5a655f05edb86445bd7e8d76.woff2:0
[    7041ms] [ERROR] Failed to load resource: the server responded with a status of 403 () @ https://onlinelibrary.wiley.com/products/acropolis/pericles/releasedAssets/fonts/icomoon-f943bff4c897abc9d3677ba6f1ca2b94.ttf:0
[    7231ms] [ERROR] Failed to load resource: the server responded with a status of 403 () @ https://onlinelibrary.wiley.com/products/acropolis/pericles/releasedAssets/fonts/open-sans-v29-latin-ext-600-8535dc12f1482d4b39be2184d9d6c6e5.woff2:0
[    7238ms] [ERROR] Failed to load resource: the server responded with a status of 403 () @ https://onlinelibrary.wiley.com/products/acropolis/pericles/releasedAssets/fonts/open-sans-v29-latin-ext-regular-1907a3e63719baff542d2f9defcfc1fa.woff:0
[    7238ms] [ERROR] Failed to load resource: the server responded with a status of 403 () @ https://onlinelibrary.wiley.com/products/acropolis/pericles/releasedAssets/fonts/icomoon-0bb7a8a9dbffa592e61d13b941aefaea.woff:0
[    7429ms] [ERROR] Failed to load resource: the server responded with a status of 403 () @ https://onlinelibrary.wiley.com/products/acropolis/pericles/releasedAssets/fonts/open-sans-v29-latin-ext-600-c582c9e2d18a069ab5a50959510835f8.woff:0
[    7783ms] [ERROR] Failed to load resource: the server responded with a status of 403 () @ https://onlinelibrary.wiley.com/products/acropolis/pericles/releasedAssets/fonts/open-sans-v15-latin-regular-cffb686d7d2f4682df8342bd4d276e09.woff2:0
[    7786ms] [ERROR] Failed to load resource: the server responded with a status of 403 () @ https://onlinelibrary.wiley.com/products/acropolis/pericles/releasedAssets/fonts/open-sans-v15-latin-700-d08c09f2f169f4a6edbcf8b8d1636cb4.woff2:0
[    7966ms] [ERROR] Failed to load resource: the server responded with a status of 403 () @ https://onlinelibrary.wiley.com/products/acropolis/pericles/releasedAssets/fonts/open-sans-v15-latin-600-223a277bd88d8a90c8cdf24cda0ad5f5.woff2:0
[    8358ms] [ERROR] Failed to load resource: the server responded with a status of 403 () @ https://onlinelibrary.wiley.com/products/acropolis/pericles/releasedAssets/fonts/open-sans-v15-latin-regular-bf2d0783515b7d75c35bde69e01b3135.woff:0
[    8380ms] [ERROR] Failed to load resource: the server responded with a status of 403 () @ https://onlinelibrary.wiley.com/products/acropolis/pericles/releasedAssets/fonts/open-sans-v15-latin-600-1cd5320f8937d337b61d5117cf9d7b28.woff:0
[    8381ms] [ERROR] Failed to load resource: the server responded with a status of 403 () @ https://onlinelibrary.wiley.com/products/acropolis/pericles/releasedAssets/fonts/open-sans-v15-latin-700-623e3205570002af47fc2b88f9335d19.woff:0
[    9011ms] [ERROR] Failed to load resource: the server responded with a status of 403 () @ https://onlinelibrary.wiley.com/pb-assets/catchpoint-1549680351760.js:0
[    9011ms] [ERROR] Refused to execute script from 'https://onlinelibrary.wiley.com/pb-assets/catchpoint-1549680351760.js' because its MIME type ('text/html') is not executable, and strict MIME type checking is enabled. @ https://onlinelibrary.wiley.com/doi/10.1111/1346-8138.15472:0
[    9102ms] [LOG] JQMIGRATE: Migrate is installed, version 3.0.0 @ https://onlinelibrary.wiley.com/products/acropolis/pericles/releasedAssets/js/main.bundle-15071e1180f203c9e205.js:85
[    9138ms] [LOG] Cart Service initialized! @ https://onlinelibrary.wiley.com/wro/d5652cddfd58df7c44de811edb7071d57f2c6658~product.js:288
[    9142ms] [LOG] Commerce Cart :: Registering service buyingList listener... @ https://onlinelibrary.wiley.com/wro/d5652cddfd58df7c44de811edb7071d57f2c6658~product.js:284
[    9142ms] [LOG] Commerce Cart :: Registering service savedItems listener... @ https://onlinelibrary.wiley.com/wro/d5652cddfd58df7c44de811edb7071d57f2c6658~product.js:284
[    9438ms] [ERROR] Failed to load resource: the server responded with a status of 403 () @ https://onlinelibrary.wiley.com/products/acropolis/pericles/releasedAssets/fonts/open-sans-v29-latin-ext-300-4a765fc0948e5c3b2de2de75882bd782.woff2:0
[    9699ms] [ERROR] Failed to load resource: the server responded with a status of 403 () @ https://onlinelibrary.wiley.com/products/acropolis/pericles/releasedAssets/fonts/open-sans-v29-latin-ext-300-9764cbf925875bcd0bc358c6dc52498c.woff:0
[    9809ms] [LOG] iFrame blocked: https://static.addtoany.com/menu/sm.25.html#type=core&event=load @ https://onlinelibrary.wiley.com/doi/10.1111/1346-8138.15472:135
[    9810ms] [LOG] iFrame blocked: https://static.addtoany.com/menu/sm.25.html#type=core&event=load @ https://onlinelibrary.wiley.com/doi/10.1111/1346-8138.15472:135
[    9884ms] [ERROR] Failed to load resource: the server responded with a status of 403 () @ https://onlinelibrary.wiley.com/products/acropolis/pericles/releasedAssets/fonts/open-sans-v15-latin-300-60c866748ff15f5b347fdba64596b1b1.woff2:0
[   10069ms] [ERROR] Failed to load resource: the server responded with a status of 403 () @ https://onlinelibrary.wiley.com/products/acropolis/pericles/releasedAssets/fonts/open-sans-v15-latin-300-521d17bc9f3526c690e8ada6eee55bec.woff:0
[   11152ms] [ERROR] Failed to load resource: the server responded with a status of 403 () @ https://onlinelibrary.wiley.com/action/connectTeaserInfo:0
[   11152ms] [ERROR] Failed to fetch user info: 403  @ https://onlinelibrary.wiley.com/wro/d5652cddfd58df7c44de811edb7071d57f2c6658~product.js:253
[   12411ms] [ERROR] Failed to load resource: the server responded with a status of 403 () @ https://onlinelibrary.wiley.com/products/acropolis/pericles/releasedAssets/js/vendors~dynamic-imports-76ad551bbe2d0e28ab9a.js:0
[   12411ms] [ERROR] Refused to execute script from 'https://onlinelibrary.wiley.com/products/acropolis/pericles/releasedAssets/js/vendors~dynamic-imports-76ad551bbe2d0e28ab9a.js' because its MIME type ('text/html') is not executable, and strict MIME type checking is enabled. @ https://onlinelibrary.wiley.com/doi/10.1111/1346-8138.15472:0
[   13571ms] ChunkLoadError: Loading chunk 53 failed.
(error: https://onlinelibrary.wiley.com/products/acropolis/pericles/releasedAssets/js/vendors~dynamic-imports-76ad551bbe2d0e28ab9a.js)
    at __webpack_require__.requireEnsure [as e] (https://onlinelibrary.wiley.com/products/acropolis/pericles/releasedAssets/js/main.bundle-15071e1180f203c9e205.js:1:3606)
    at https://onlinelibrary.wiley.com/products/acropolis/pericles/releasedAssets/js/main.bundle-15071e1180f203c9e205.js:173:207027
    at Generator.<anonymous> (https://onlinelibrary.wiley.com/products/acropolis/pericles/releasedAssets/js/main.bundle-15071e1180f203c9e205.js:173:201327)
    at Generator.next (https://onlinelibrary.wiley.com/products/acropolis/pericles/releasedAssets/js/main.bundle-15071e1180f203c9e205.js:173:202834)
    at asyncGeneratorStep (https://onlinelibrary.wiley.com/products/acropolis/pericles/releasedAssets/js/main.bundle-15071e1180f203c9e205.js:1:54725)
    at _next (https://onlinelibrary.wiley.com/products/acropolis/pericles/releasedAssets/js/main.bundle-15071e1180f203c9e205.js:1:54958)
    at https://onlinelibrary.wiley.com/products/acropolis/pericles/releasedAssets/js/main.bundle-15071e1180f203c9e205.js:1:55074
    at new Promise (<anonymous>)
    at https://onlinelibrary.wiley.com/products/acropolis/pericles/releasedAssets/js/main.bundle-15071e1180f203c9e205.js:1:54894
    at importPromises (https://onlinelibrary.wiley.com/products/acropolis/pericles/releasedAssets/js/main.bundle-15071e1180f203c9e205.js:173:207678)
[   12924ms] [LOG] Commerce Cart :: Registering service buyingList listener... @ https://onlinelibrary.wiley.com/wro/d5652cddfd58df7c44de811edb7071d57f2c6658~product.js:284
[   12924ms] [LOG] Commerce Cart :: Registering service savedItems listener... @ https://onlinelibrary.wiley.com/wro/d5652cddfd58df7c44de811edb7071d57f2c6658~product.js:284
[   12924ms] [LOG] Commerce Cart :: Registering service undefined listener... @ https://onlinelibrary.wiley.com/wro/d5652cddfd58df7c44de811edb7071d57f2c6658~product.js:284
[   12924ms] [LOG] Commerce Cart :: Registering service undefined listener... @ https://onlinelibrary.wiley.com/wro/d5652cddfd58df7c44de811edb7071d57f2c6658~product.js:284
[   12924ms] [LOG] Commerce Cart :: Registering service undefined listener... @ https://onlinelibrary.wiley.com/wro/d5652cddfd58df7c44de811edb7071d57f2c6658~product.js:284
[   12925ms] [LOG] Commerce Cart :: Registering service identity listener... @ https://onlinelibrary.wiley.com/wro/d5652cddfd58df7c44de811edb7071d57f2c6658~product.js:284
[   12925ms] [LOG] Commerce Cart :: Registering service buyingList listener... @ https://onlinelibrary.wiley.com/wro/d5652cddfd58df7c44de811edb7071d57f2c6658~product.js:284
[   12925ms] [LOG] Commerce Cart :: Registering service savedItems listener... @ https://onlinelibrary.wiley.com/wro/d5652cddfd58df7c44de811edb7071d57f2c6658~product.js:284
[   12925ms] [LOG] Commerce Cart :: Registering service undefined listener... @ https://onlinelibrary.wiley.com/wro/d5652cddfd58df7c44de811edb7071d57f2c6658~product.js:284
[   12925ms] [LOG] Commerce Cart :: Registering service undefined listener... @ https://onlinelibrary.wiley.com/wro/d5652cddfd58df7c44de811edb7071d57f2c6658~product.js:284
[   12925ms] [LOG] Commerce Cart :: Registering service undefined listener... @ https://onlinelibrary.wiley.com/wro/d5652cddfd58df7c44de811edb7071d57f2c6658~product.js:284
[   13872ms] [LOG] Cookie blocked: dmd-tag @ https://onlinelibrary.wiley.com/doi/10.1111/1346-8138.15472:132
[   13873ms] [LOG] Cookie blocked: dmd-sid4 @ https://onlinelibrary.wiley.com/doi/10.1111/1346-8138.15472:132
[   13876ms] [LOG] Script blocked: https://trc.lhmos.com/enrich/data/jsonp?mcode=15710&mid=47&callback=jsonp_1782051175929_2788 @ https://onlinelibrary.wiley.com/doi/10.1111/1346-8138.15472:129
[   13879ms] [LOG] Script blocked: https://match.deepintent.com/identity/?key=0894495bc3d6398c2ee7e3b7128a4fadfc612788737dc839bbefa94468aac57f&sid=4ca14b40-6d7b-11f1-bd29-4d31ed1db409&cb=jsonp_1782051175931_90956 @ https://onlinelibrary.wiley.com/doi/10.1111/1346-8138.15472:129
[   13883ms] [LOG] Script blocked: https://trc.lhmos.com/enrich/data/jsonp?mcode=15710&mid=47&callback=jsonp_1782051175929_2788 @ https://onlinelibrary.wiley.com/doi/10.1111/1346-8138.15472:129
[   13884ms] [LOG] Script blocked: https://match.deepintent.com/identity/?key=0894495bc3d6398c2ee7e3b7128a4fadfc612788737dc839bbefa94468aac57f&sid=4ca14b40-6d7b-11f1-bd29-4d31ed1db409&cb=jsonp_1782051175931_90956 @ https://onlinelibrary.wiley.com/doi/10.1111/1346-8138.15472:129
[   14197ms] [LOG] {aim_version: 4.57.0, event_timestamp: 2026-06-21 14:12:56, country_code: , country_description: , dgid: } @ https://onlinelibrary.wiley.com/doi/10.1111/1346-8138.15472:729
[   14308ms] [LOG] Cookie blocked: HMACCOUNT @ https://onlinelibrary.wiley.com/doi/10.1111/1346-8138.15472:132
[   16088ms] [LOG] Cookie blocked: _uetsid @ https://onlinelibrary.wiley.com/doi/10.1111/1346-8138.15472:132
[   16089ms] [LOG] Cookie blocked: _uetsid @ https://onlinelibrary.wiley.com/doi/10.1111/1346-8138.15472:132
[   16091ms] [LOG] Cookie blocked: _uetsid @ https://onlinelibrary.wiley.com/doi/10.1111/1346-8138.15472:132
[   16100ms] [LOG] Cookie blocked: _uetsid @ https://onlinelibrary.wiley.com/doi/10.1111/1346-8138.15472:132
[   16122ms] [LOG] Script blocked: https://www.clarity.ms/tag/uet/134596254 @ https://onlinelibrary.wiley.com/doi/10.1111/1346-8138.15472:129
[   16123ms] [LOG] Script blocked: https://www.clarity.ms/tag/uet/134596254 @ https://onlinelibrary.wiley.com/doi/10.1111/1346-8138.15472:129
[   19211ms] [WARNING] [GPT] PubAdsService.setTargeting is deprecated, use googletag.setConfig({targeting: ...}) instead.
https://goo.gle/gpt-message#170 @ https://securepubads.g.doubleclick.net/pagead/managed/js/gpt/m202606150101/pubads_impl.js?cb=31099186:18
[   19216ms] [WARNING] [GPT] Slot.setCollapseEmptyDiv is deprecated, use Slot.setConfig({collapseDiv: ...}) instead.
https://goo.gle/gpt-message#171 @ https://securepubads.g.doubleclick.net/pagead/managed/js/gpt/m202606150101/pubads_impl.js?cb=31099186:18
[   19217ms] [TIMEEND] gpt ready: 12423.91796875 ms @ https://onlinelibrary.wiley.com/doi/10.1111/1346-8138.15472:1471
[   19882ms] [TIMEEND] DV ready: 664.779052734375 ms @ https://onlinelibrary.wiley.com/doi/10.1111/1346-8138.15472:1474
[   19882ms] [TIMEEND] advert-leaderboard ready: 0.52197265625 ms @ https://onlinelibrary.wiley.com/doi/10.1111/1346-8138.15472:1477
[   20940ms] [WARNING] 🚀 _satellite.readCookie is deprecated. Please use _satellite.cookie.get("randomizeUser"). @ https://assets.adobedtm.com/59640f9fa510/591d3f748997/launch-1ff1f800248b.min.js:12
[   20940ms] [WARNING] 🚀 _satellite.setCookie is deprecated. Please use _satellite.cookie.set("randomizeUser", "0.8942120507094271"). @ https://assets.adobedtm.com/59640f9fa510/591d3f748997/launch-1ff1f800248b.min.js:12
[   22336ms] [LOG] Cookie blocked: _twpid @ https://onlinelibrary.wiley.com/doi/10.1111/1346-8138.15472:132
[   22336ms] [LOG] Cookie blocked: _twpid @ https://onlinelibrary.wiley.com/doi/10.1111/1346-8138.15472:132
[   24970ms] [ERROR] Attestation check for Shared Storage on https://www.googleadservices.com failed. @ https://www.googleadservices.com/pagead/managed/js/activeview/current/reach_worklet.html:0
[   24975ms] [ERROR] Attestation check for Shared Storage on https://www.googleadservices.com failed. @ https://www.googleadservices.com/pagead/managed/js/activeview/current/reach_worklet.html:0
[   24977ms] [ERROR] Attestation check for Shared Storage on https://www.googleadservices.com failed. @ https://www.googleadservices.com/pagead/managed/js/activeview/current/reach_worklet.html:0
[   24970ms] [ERROR] Attestation check for Shared Storage on https://www.googleadservices.com failed. @ https://www.googleadservices.com/pagead/managed/js/activeview/current/reach_worklet.html:0
[   24975ms] [ERROR] Attestation check for Shared Storage on https://www.googleadservices.com failed. @ https://www.googleadservices.com/pagead/managed/js/activeview/current/reach_worklet.html:0
[   24977ms] [ERROR] Attestation check for Shared Storage on https://www.googleadservices.com failed. @ https://www.googleadservices.com/pagead/managed/js/activeview/current/reach_worklet.html:0
[   27182ms] [ERROR] Attestation check for Shared Storage on https://www.googleadservices.com failed. @ https://www.googleadservices.com/pagead/managed/js/activeview/current/reach_worklet.html:0
[   24970ms] [ERROR] Attestation check for Shared Storage on https://www.googleadservices.com failed. @ https://www.googleadservices.com/pagead/managed/js/activeview/current/reach_worklet.html:0
[   24975ms] [ERROR] Attestation check for Shared Storage on https://www.googleadservices.com failed. @ https://www.googleadservices.com/pagead/managed/js/activeview/current/reach_worklet.html:0
[   24977ms] [ERROR] Attestation check for Shared Storage on https://www.googleadservices.com failed. @ https://www.googleadservices.com/pagead/managed/js/activeview/current/reach_worklet.html:0
[   27182ms] [ERROR] Attestation check for Shared Storage on https://www.googleadservices.com failed. @ https://www.googleadservices.com/pagead/managed/js/activeview/current/reach_worklet.html:0
[   27292ms] [ERROR] Attestation check for Shared Storage on https://www.googleadservices.com failed. @ https://www.googleadservices.com/pagead/managed/js/activeview/current/reach_worklet.html:0
[   28402ms] [ERROR] Failed to load resource: net::ERR_NAME_NOT_RESOLVED @ https://cs.iqzone.com/b410eef59a43f3503bea0d01cf0ef564.gif?puid=kjWwbJPGSHuT&redir=https%3A%2F%2Fbh.contextweb.com%2Fbh%2Frtset%3Fdo%3Dadd%26pid%3D563365%26ev%3D%5BUID%5D&gdpr=[GDPR]&gdpr_consent=[GDPR_CONSENT]&ccpa=[CCPA]&coppa=[COPPA]:0
[   28409ms] [ERROR] Failed to load resource: net::ERR_NAME_NOT_RESOLVED @ https://cs.iqzone.com/b410eef59a43f3503bea0d01cf0ef564.gif?puid=kjWwbJPGSHuT&redir=https%3A%2F%2Fbh.contextweb.com%2Fbh%2Frtset%3Fdo%3Dadd%26pid%3D563365%26ev%3D%5BUID%5D&gdpr=[GDPR]&gdpr_consent=[GDPR_CONSENT]&ccpa=[CCPA]&coppa=[COPPA]:0
[   29002ms] [LOG] Logs from Web SDK Extension || web.webInteraction @ https://assets.adobedtm.com/59640f9fa510/591d3f748997/launch-1ff1f800248b.min.js:2
[   29003ms] [LOG] {linkClicks: Object, name: Survey Invite, type: other} @ https://assets.adobedtm.com/59640f9fa510/591d3f748997/launch-1ff1f800248b.min.js:2
[   33923ms] [LOG] Script blocked: https://content.wiley.com/analytics?ver=3&visitor_id=&visitor_id_sign=&pi_opt_in=&campaign_id=null&account_id=1116643&title=Unexpected%20side%E2%80%90effect%20of%20dupilumab%3A%20Reversal%20of%20hair%20graying%20-%20Sumitomo%20-%202020%20-%20The%20Journal%20of%20Dermatology%20-%20Wiley%20Online%20Library&url=https%3A%2F%2Fonlinelibrary.wiley.com%2Fdoi%2F10.1111%2F1346-8138.15472&referrer= @ https://onlinelibrary.wiley.com/doi/10.1111/1346-8138.15472:129
[   33924ms] [LOG] Script blocked: https://content.wiley.com/analytics?ver=3&visitor_id=&visitor_id_sign=&pi_opt_in=&campaign_id=null&account_id=1116643&title=Unexpected%20side%E2%80%90effect%20of%20dupilumab%3A%20Reversal%20of%20hair%20graying%20-%20Sumitomo%20-%202020%20-%20The%20Journal%20of%20Dermatology%20-%20Wiley%20Online%20Library&url=https%3A%2F%2Fonlinelibrary.wiley.com%2Fdoi%2F10.1111%2F1346-8138.15472&referrer= @ https://onlinelibrary.wiley.com/doi/10.1111/1346-8138.15472:129
[   35928ms] [WARNING] The resource https://onlinelibrary.wiley.com/products/acropolis/pericles/releasedAssets/fonts/open-sans/open-sans-v34-latin-ext-600-d985c84909eb941bc635fa8524d08f55.woff2 was preloaded using link preload but not used within a few seconds from the window's load event. Please make sure it has an appropriate `as` value and it is preloaded intentionally. @ https://onlinelibrary.wiley.com/doi/10.1111/1346-8138.15472:0
[   35928ms] [WARNING] The resource https://onlinelibrary.wiley.com/products/acropolis/pericles/releasedAssets/fonts/source-serif-pro/source-serif-pro-v5-latin-600-c499fba2e89b590ea2e845c08766668b.woff2 was preloaded using link preload but not used within a few seconds from the window's load event. Please make sure it has an appropriate `as` value and it is preloaded intentionally. @ https://onlinelibrary.wiley.com/doi/10.1111/1346-8138.15472:0
[   35928ms] [WARNING] The resource https://onlinelibrary.wiley.com/products/acropolis/pericles/releasedAssets/fonts/open-sans/open-sans-v15-latin-600-27152396a129082ada86fd6444b9ad4b.woff2 was preloaded using link preload but not used within a few seconds from the window's load event. Please make sure it has an appropriate `as` value and it is preloaded intentionally. @ https://onlinelibrary.wiley.com/doi/10.1111/1346-8138.15472:0
[   35928ms] [WARNING] The resource https://onlinelibrary.wiley.com/products/acropolis/pericles/releasedAssets/fonts/open-sans/open-sans-v15-latin-regular-87a454b233bedae23f8d1be11e8b4f68.woff was preloaded using link preload but not used within a few seconds from the window's load event. Please make sure it has an appropriate `as` value and it is preloaded intentionally. @ https://onlinelibrary.wiley.com/doi/10.1111/1346-8138.15472:0
[   35928ms] [WARNING] The resource https://onlinelibrary.wiley.com/products/acropolis/pericles/releasedAssets/fonts/open-sans/open-sans-v15-latin-800-3b2da54475cee88b1387631ce1eb8599.woff2 was preloaded using link preload but not used within a few seconds from the window's load event. Please make sure it has an appropriate `as` value and it is preloaded intentionally. @ https://onlinelibrary.wiley.com/doi/10.1111/1346-8138.15472:0
[   35928ms] [WARNING] The resource https://onlinelibrary.wiley.com/products/acropolis/pericles/releasedAssets/fonts/open-sans/open-sans-v15-latin-800italic-6d6776db88bc05414be342f8c8ee6ad9.woff2 was preloaded using link preload but not used within a few seconds from the window's load event. Please make sure it has an appropriate `as` value and it is preloaded intentionally. @ https://onlinelibrary.wiley.com/doi/10.1111/1346-8138.15472:0
[   35928ms] [WARNING] The resource https://onlinelibrary.wiley.com/products/acropolis/pericles/releasedAssets/fonts/source-serif-pro/source-serif-pro-v5-latin-regular-80b2da76a0438320789aa7091b21055a.woff2 was preloaded using link preload but not used within a few seconds from the window's load event. Please make sure it has an appropriate `as` value and it is preloaded intentionally. @ https://onlinelibrary.wiley.com/doi/10.1111/1346-8138.15472:0
[   35928ms] [WARNING] The resource https://onlinelibrary.wiley.com/products/acropolis/pericles/releasedAssets/fonts/open-sans/open-sans-v15-latin-300italic-f87536f8fce296ba6c4205276423d1f8.woff2 was preloaded using link preload but not used within a few seconds from the window's load event. Please make sure it has an appropriate `as` value and it is preloaded intentionally. @ https://onlinelibrary.wiley.com/doi/10.1111/1346-8138.15472:0
[   35928ms] [WARNING] The resource https://onlinelibrary.wiley.com/products/acropolis/pericles/releasedAssets/fonts/open-sans/open-sans-v29-latin-ext-300italic-3db9f2e1daaac364a9a5be78d0293585.woff2 was preloaded using link preload but not used within a few seconds from the window's load event. Please make sure it has an appropriate `as` value and it is preloaded intentionally. @ https://onlinelibrary.wiley.com/doi/10.1111/1346-8138.15472:0
[   35928ms] [WARNING] The resource https://onlinelibrary.wiley.com/products/acropolis/pericles/releasedAssets/fonts/open-sans/open-sans-v15-latin-700italic-aff641ffb783d3346c2a56316eb86fea.woff2 was preloaded using link preload but not used within a few seconds from the window's load event. Please make sure it has an appropriate `as` value and it is preloaded intentionally. @ https://onlinelibrary.wiley.com/doi/10.1111/1346-8138.15472:0
[   35928ms] [WARNING] The resource https://onlinelibrary.wiley.com/products/acropolis/pericles/releasedAssets/fonts/open-sans/open-sans-v29-latin-ext-italic-2b6b4e6c5b21536d981f80949b396264.woff2 was preloaded using link preload but not used within a few seconds from the window's load event. Please make sure it has an appropriate `as` value and it is preloaded intentionally. @ https://onlinelibrary.wiley.com/doi/10.1111/1346-8138.15472:0
[   35928ms] [WARNING] The resource https://onlinelibrary.wiley.com/products/acropolis/pericles/releasedAssets/fonts/open-sans/open-sans-v34-latin-ext-300-c02b27b95119783b496326ecb22cc429.woff2 was preloaded using link preload but not used within a few seconds from the window's load event. Please make sure it has an appropriate `as` value and it is preloaded intentionally. @ https://onlinelibrary.wiley.com/doi/10.1111/1346-8138.15472:0
[   35928ms] [WARNING] The resource https://onlinelibrary.wiley.com/products/acropolis/pericles/releasedAssets/fonts/open-sans/open-sans-v15-latin-italic-30e38142e06c4c0ee948fc7d851ad780.woff2 was preloaded using link preload but not used within a few seconds from the window's load event. Please make sure it has an appropriate `as` value and it is preloaded intentionally. @ https://onlinelibrary.wiley.com/doi/10.1111/1346-8138.15472:0
[   35928ms] [WARNING] The resource https://onlinelibrary.wiley.com/products/acropolis/pericles/releasedAssets/fonts/open-sans/open-sans-v15-latin-300-f2ebdee8c2343f558a0221d276957606.woff2 was preloaded using link preload but not used within a few seconds from the window's load event. Please make sure it has an appropriate `as` value and it is preloaded intentionally. @ https://onlinelibrary.wiley.com/doi/10.1111/1346-8138.15472:0
[   35928ms] [WARNING] The resource https://onlinelibrary.wiley.com/products/acropolis/pericles/releasedAssets/fonts/open-sans/open-sans-v29-latin-ext-300-53a72308edae8f52dfe45352d474466f.woff2 was preloaded using link preload but not used within a few seconds from the window's load event. Please make sure it has an appropriate `as` value and it is preloaded intentionally. @ https://onlinelibrary.wiley.com/doi/10.1111/1346-8138.15472:0
[   35928ms] [WARNING] The resource https://onlinelibrary.wiley.com/products/acropolis/pericles/releasedAssets/fonts/open-sans/open-sans-v34-latin-ext-600italic-0c935711cfb2e1e8f22ec36a8ccfafb2.woff2 was preloaded using link preload but not used within a few seconds from the window's load event. Please make sure it has an appropriate `as` value and it is preloaded intentionally. @ https://onlinelibrary.wiley.com/doi/10.1111/1346-8138.15472:0
[   35928ms] [WARNING] The resource https://onlinelibrary.wiley.com/products/acropolis/pericles/releasedAssets/fonts/open-sans/open-sans-v29-latin-ext-600-5ea434b2a50014495a3280ca861d474d.woff2 was preloaded using link preload but not used within a few seconds from the window's load event. Please make sure it has an appropriate `as` value and it is preloaded intentionally. @ https://onlinelibrary.wiley.com/doi/10.1111/1346-8138.15472:0
[   35928ms] [WARNING] The resource https://onlinelibrary.wiley.com/products/acropolis/pericles/releasedAssets/fonts/open-sans/open-sans-v34-latin-ext-italic-3e38a3ad85a9d7971ef16a1e8a3f2e7f.woff2 was preloaded using link preload but not used within a few seconds from the window's load event. Please make sure it has an appropriate `as` value and it is preloaded intentionally. @ https://onlinelibrary.wiley.com/doi/10.1111/1346-8138.15472:0
[   35928ms] [WARNING] The resource https://onlinelibrary.wiley.com/products/acropolis/pericles/releasedAssets/fonts/source-serif-pro/source-serif-pro-v5-latin-700-de41b2bc81b8d395f1ede0f357968cb0.woff2 was preloaded using link preload but not used within a few seconds from the window's load event. Please make sure it has an appropriate `as` value and it is preloaded intentionally. @ https://onlinelibrary.wiley.com/doi/10.1111/1346-8138.15472:0
[   35928ms] [WARNING] The resource https://onlinelibrary.wiley.com/products/acropolis/pericles/releasedAssets/fonts/open-sans/open-sans-v15-latin-700-7435e6c2064f36f486266e516e9838b8.woff2 was preloaded using link preload but not used within a few seconds from the window's load event. Please make sure it has an appropriate `as` value and it is preloaded intentionally. @ https://onlinelibrary.wiley.com/doi/10.1111/1346-8138.15472:0
[   35928ms] [WARNING] The resource https://onlinelibrary.wiley.com/products/acropolis/pericles/releasedAssets/fonts/open-sans/open-sans-v34-latin-ext-300italic-b89e08a52a38d3a5fa12b265ef1799e4.woff2 was preloaded using link preload but not used within a few seconds from the window's load event. Please make sure it has an appropriate `as` value and it is preloaded intentionally. @ https://onlinelibrary.wiley.com/doi/10.1111/1346-8138.15472:0
[   35928ms] [WARNING] The resource https://onlinelibrary.wiley.com/products/acropolis/pericles/releasedAssets/fonts/open-sans/open-sans-v29-latin-ext-regular-ccfa20f8de7f73249c39bd9b206e0b3b.woff2 was preloaded using link preload but not used within a few seconds from the window's load event. Please make sure it has an appropriate `as` value and it is preloaded intentionally. @ https://onlinelibrary.wiley.com/doi/10.1111/1346-8138.15472:0
[   35928ms] [WARNING] The resource https://onlinelibrary.wiley.com/products/acropolis/pericles/releasedAssets/fonts/open-sans/open-sans-v29-latin-ext-600italic-21d098b9bf85845fdaac6c732e6c94de.woff2 was preloaded using link preload but not used within a few seconds from the window's load event. Please make sure it has an appropriate `as` value and it is preloaded intentionally. @ https://onlinelibrary.wiley.com/doi/10.1111/1346-8138.15472:0
[   35928ms] [WARNING] The resource https://onlinelibrary.wiley.com/products/acropolis/pericles/releasedAssets/fonts/open-sans/open-sans-v15-latin-600italic-fe6c0e0a84eb03400dc58528fcdaad00.woff2 was preloaded using link preload but not used within a few seconds from the window's load event. Please make sure it has an appropriate `as` value and it is preloaded intentionally. @ https://onlinelibrary.wiley.com/doi/10.1111/1346-8138.15472:0
[   36033ms] [LOG] iFrame blocked: https://ep2.adtrafficquality.google/sodar/sodar2/254/runner.html @ https://onlinelibrary.wiley.com/doi/10.1111/1346-8138.15472:135
[   36034ms] [LOG] iFrame blocked: https://ep2.adtrafficquality.google/sodar/sodar2/254/runner.html @ https://onlinelibrary.wiley.com/doi/10.1111/1346-8138.15472:135
[   42937ms] [WARNING] The resource https://onlinelibrary.wiley.com/products/acropolis/pericles/releasedAssets/fonts/open-sans/open-sans-v34-latin-ext-600-d985c84909eb941bc635fa8524d08f55.woff2 was preloaded using link preload but not used within a few seconds from the window's load event. Please make sure it has an appropriate `as` value and it is preloaded intentionally. @ https://onlinelibrary.wiley.com/doi/10.1111/1346-8138.15472:0
[   42938ms] [WARNING] The resource https://onlinelibrary.wiley.com/products/acropolis/pericles/releasedAssets/fonts/source-serif-pro/source-serif-pro-v5-latin-600-c499fba2e89b590ea2e845c08766668b.woff2 was preloaded using link preload but not used within a few seconds from the window's load event. Please make sure it has an appropriate `as` value and it is preloaded intentionally. @ https://onlinelibrary.wiley.com/doi/10.1111/1346-8138.15472:0
[   42938ms] [WARNING] The resource https://onlinelibrary.wiley.com/products/acropolis/pericles/releasedAssets/fonts/open-sans/open-sans-v15-latin-600-27152396a129082ada86fd6444b9ad4b.woff2 was preloaded using link preload but not used within a few seconds from the window's load event. Please make sure it has an appropriate `as` value and it is preloaded intentionally. @ https://onlinelibrary.wiley.com/doi/10.1111/1346-8138.15472:0
[   42938ms] [WARNING] The resource https://onlinelibrary.wiley.com/products/acropolis/pericles/releasedAssets/fonts/open-sans/open-sans-v15-latin-regular-87a454b233bedae23f8d1be11e8b4f68.woff was preloaded using link preload but not used within a few seconds from the window's load event. Please make sure it has an appropriate `as` value and it is preloaded intentionally. @ https://onlinelibrary.wiley.com/doi/10.1111/1346-8138.15472:0
[   42938ms] [WARNING] The resource https://onlinelibrary.wiley.com/products/acropolis/pericles/releasedAssets/fonts/open-sans/open-sans-v15-latin-800-3b2da54475cee88b1387631ce1eb8599.woff2 was preloaded using link preload but not used within a few seconds from the window's load event. Please make sure it has an appropriate `as` value and it is preloaded intentionally. @ https://onlinelibrary.wiley.com/doi/10.1111/1346-8138.15472:0
[   42938ms] [WARNING] The resource https://onlinelibrary.wiley.com/products/acropolis/pericles/releasedAssets/fonts/open-sans/open-sans-v15-latin-800italic-6d6776db88bc05414be342f8c8ee6ad9.woff2 was preloaded using link preload but not used within a few seconds from the window's load event. Please make sure it has an appropriate `as` value and it is preloaded intentionally. @ https://onlinelibrary.wiley.com/doi/10.1111/1346-8138.15472:0
[   42938ms] [WARNING] The resource https://onlinelibrary.wiley.com/products/acropolis/pericles/releasedAssets/fonts/source-serif-pro/source-serif-pro-v5-latin-regular-80b2da76a0438320789aa7091b21055a.woff2 was preloaded using link preload but not used within a few seconds from the window's load event. Please make sure it has an appropriate `as` value and it is preloaded intentionally. @ https://onlinelibrary.wiley.com/doi/10.1111/1346-8138.15472:0
[   42938ms] [WARNING] The resource https://onlinelibrary.wiley.com/products/acropolis/pericles/releasedAssets/fonts/open-sans/open-sans-v15-latin-300italic-f87536f8fce296ba6c4205276423d1f8.woff2 was preloaded using link preload but not used within a few seconds from the window's load event. Please make sure it has an appropriate `as` value and it is preloaded intentionally. @ https://onlinelibrary.wiley.com/doi/10.1111/1346-8138.15472:0
[   42938ms] [WARNING] The resource https://onlinelibrary.wiley.com/products/acropolis/pericles/releasedAssets/fonts/open-sans/open-sans-v29-latin-ext-300italic-3db9f2e1daaac364a9a5be78d0293585.woff2 was preloaded using link preload but not used within a few seconds from the window's load event. Please make sure it has an appropriate `as` value and it is preloaded intentionally. @ https://onlinelibrary.wiley.com/doi/10.1111/1346-8138.15472:0
[   42938ms] [WARNING] The resource https://onlinelibrary.wiley.com/products/acropolis/pericles/releasedAssets/fonts/open-sans/open-sans-v15-latin-700italic-aff641ffb783d3346c2a56316eb86fea.woff2 was preloaded using link preload but not used within a few seconds from the window's load event. Please make sure it has an appropriate `as` value and it is preloaded intentionally. @ https://onlinelibrary.wiley.com/doi/10.1111/1346-8138.15472:0
[   42938ms] [WARNING] The resource https://onlinelibrary.wiley.com/products/acropolis/pericles/releasedAssets/fonts/open-sans/open-sans-v29-latin-ext-italic-2b6b4e6c5b21536d981f80949b396264.woff2 was preloaded using link preload but not used within a few seconds from the window's load event. Please make sure it has an appropriate `as` value and it is preloaded intentionally. @ https://onlinelibrary.wiley.com/doi/10.1111/1346-8138.15472:0
[   42938ms] [WARNING] The resource https://onlinelibrary.wiley.com/products/acropolis/pericles/releasedAssets/fonts/open-sans/open-sans-v34-latin-ext-300-c02b27b95119783b496326ecb22cc429.woff2 was preloaded using link preload but not used within a few seconds from the window's load event. Please make sure it has an appropriate `as` value and it is preloaded intentionally. @ https://onlinelibrary.wiley.com/doi/10.1111/1346-8138.15472:0
[   42938ms] [WARNING] The resource https://onlinelibrary.wiley.com/products/acropolis/pericles/releasedAssets/fonts/open-sans/open-sans-v15-latin-italic-30e38142e06c4c0ee948fc7d851ad780.woff2 was preloaded using link preload but not used within a few seconds from the window's load event. Please make sure it has an appropriate `as` value and it is preloaded intentionally. @ https://onlinelibrary.wiley.com/doi/10.1111/1346-8138.15472:0
[   42938ms] [WARNING] The resource https://onlinelibrary.wiley.com/products/acropolis/pericles/releasedAssets/fonts/open-sans/open-sans-v15-latin-300-f2ebdee8c2343f558a0221d276957606.woff2 was preloaded using link preload but not used within a few seconds from the window's load event. Please make sure it has an appropriate `as` value and it is preloaded intentionally. @ https://onlinelibrary.wiley.com/doi/10.1111/1346-8138.15472:0
[   42939ms] [WARNING] The resource https://onlinelibrary.wiley.com/products/acropolis/pericles/releasedAssets/fonts/open-sans/open-sans-v29-latin-ext-300-53a72308edae8f52dfe45352d474466f.woff2 was preloaded using link preload but not used within a few seconds from the window's load event. Please make sure it has an appropriate `as` value and it is preloaded intentionally. @ https://onlinelibrary.wiley.com/doi/10.1111/1346-8138.15472:0
[   42939ms] [WARNING] The resource https://onlinelibrary.wiley.com/products/acropolis/pericles/releasedAssets/fonts/open-sans/open-sans-v34-latin-ext-600italic-0c935711cfb2e1e8f22ec36a8ccfafb2.woff2 was preloaded using link preload but not used within a few seconds from the window's load event. Please make sure it has an appropriate `as` value and it is preloaded intentionally. @ https://onlinelibrary.wiley.com/doi/10.1111/1346-8138.15472:0
[   42939ms] [WARNING] The resource https://onlinelibrary.wiley.com/products/acropolis/pericles/releasedAssets/fonts/open-sans/open-sans-v29-latin-ext-600-5ea434b2a50014495a3280ca861d474d.woff2 was preloaded using link preload but not used within a few seconds from the window's load event. Please make sure it has an appropriate `as` value and it is preloaded intentionally. @ https://onlinelibrary.wiley.com/doi/10.1111/1346-8138.15472:0
[   42939ms] [WARNING] The resource https://onlinelibrary.wiley.com/products/acropolis/pericles/releasedAssets/fonts/open-sans/open-sans-v34-latin-ext-italic-3e38a3ad85a9d7971ef16a1e8a3f2e7f.woff2 was preloaded using link preload but not used within a few seconds from the window's load event. Please make sure it has an appropriate `as` value and it is preloaded intentionally. @ https://onlinelibrary.wiley.com/doi/10.1111/1346-8138.15472:0
[   42939ms] [WARNING] The resource https://onlinelibrary.wiley.com/products/acropolis/pericles/releasedAssets/fonts/source-serif-pro/source-serif-pro-v5-latin-700-de41b2bc81b8d395f1ede0f357968cb0.woff2 was preloaded using link preload but not used within a few seconds from the window's load event. Please make sure it has an appropriate `as` value and it is preloaded intentionally. @ https://onlinelibrary.wiley.com/doi/10.1111/1346-8138.15472:0
[   42939ms] [WARNING] The resource https://onlinelibrary.wiley.com/products/acropolis/pericles/releasedAssets/fonts/open-sans/open-sans-v15-latin-700-7435e6c2064f36f486266e516e9838b8.woff2 was preloaded using link preload but not used within a few seconds from the window's load event. Please make sure it has an appropriate `as` value and it is preloaded intentionally. @ https://onlinelibrary.wiley.com/doi/10.1111/1346-8138.15472:0
[   42939ms] [WARNING] The resource https://onlinelibrary.wiley.com/products/acropolis/pericles/releasedAssets/fonts/open-sans/open-sans-v34-latin-ext-300italic-b89e08a52a38d3a5fa12b265ef1799e4.woff2 was preloaded using link preload but not used within a few seconds from the window's load event. Please make sure it has an appropriate `as` value and it is preloaded intentionally. @ https://onlinelibrary.wiley.com/doi/10.1111/1346-8138.15472:0
[   42939ms] [WARNING] The resource https://onlinelibrary.wiley.com/products/acropolis/pericles/releasedAssets/fonts/open-sans/open-sans-v29-latin-ext-regular-ccfa20f8de7f73249c39bd9b206e0b3b.woff2 was preloaded using link preload but not used within a few seconds from the window's load event. Please make sure it has an appropriate `as` value and it is preloaded intentionally. @ https://onlinelibrary.wiley.com/doi/10.1111/1346-8138.15472:0
[   42939ms] [WARNING] The resource https://onlinelibrary.wiley.com/products/acropolis/pericles/releasedAssets/fonts/open-sans/open-sans-v29-latin-ext-600italic-21d098b9bf85845fdaac6c732e6c94de.woff2 was preloaded using link preload but not used within a few seconds from the window's load event. Please make sure it has an appropriate `as` value and it is preloaded intentionally. @ https://onlinelibrary.wiley.com/doi/10.1111/1346-8138.15472:0
[   42939ms] [WARNING] The resource https://onlinelibrary.wiley.com/products/acropolis/pericles/releasedAssets/fonts/open-sans/open-sans-v15-latin-600italic-fe6c0e0a84eb03400dc58528fcdaad00.woff2 was preloaded using link preload but not used within a few seconds from the window's load event. Please make sure it has an appropriate `as` value and it is preloaded intentionally. @ https://onlinelibrary.wiley.com/doi/10.1111/1346-8138.15472:0
[   47520ms] [WARNING] The resource https://onlinelibrary.wiley.com/products/acropolis/pericles/releasedAssets/fonts/open-sans/open-sans-v34-latin-ext-600-d985c84909eb941bc635fa8524d08f55.woff2 was preloaded using link preload but not used within a few seconds from the window's load event. Please make sure it has an appropriate `as` value and it is preloaded intentionally. @ https://onlinelibrary.wiley.com/doi/10.1111/1346-8138.15472:0
[   47520ms] [WARNING] The resource https://onlinelibrary.wiley.com/products/acropolis/pericles/releasedAssets/fonts/source-serif-pro/source-serif-pro-v5-latin-600-c499fba2e89b590ea2e845c08766668b.woff2 was preloaded using link preload but not used within a few seconds from the window's load event. Please make sure it has an appropriate `as` value and it is preloaded intentionally. @ https://onlinelibrary.wiley.com/doi/10.1111/1346-8138.15472:0
[   47520ms] [WARNING] The resource https://onlinelibrary.wiley.com/products/acropolis/pericles/releasedAssets/fonts/open-sans/open-sans-v15-latin-600-27152396a129082ada86fd6444b9ad4b.woff2 was preloaded using link preload but not used within a few seconds from the window's load event. Please make sure it has an appropriate `as` value and it is preloaded intentionally. @ https://onlinelibrary.wiley.com/doi/10.1111/1346-8138.15472:0
[   47520ms] [WARNING] The resource https://onlinelibrary.wiley.com/products/acropolis/pericles/releasedAssets/fonts/open-sans/open-sans-v15-latin-regular-87a454b233bedae23f8d1be11e8b4f68.woff was preloaded using link preload but not used within a few seconds from the window's load event. Please make sure it has an appropriate `as` value and it is preloaded intentionally. @ https://onlinelibrary.wiley.com/doi/10.1111/1346-8138.15472:0
[   47520ms] [WARNING] The resource https://onlinelibrary.wiley.com/products/acropolis/pericles/releasedAssets/fonts/open-sans/open-sans-v15-latin-800-3b2da54475cee88b1387631ce1eb8599.woff2 was preloaded using link preload but not used within a few seconds from the window's load event. Please make sure it has an appropriate `as` value and it is preloaded intentionally. @ https://onlinelibrary.wiley.com/doi/10.1111/1346-8138.15472:0
[   47520ms] [WARNING] The resource https://onlinelibrary.wiley.com/products/acropolis/pericles/releasedAssets/fonts/open-sans/open-sans-v15-latin-800italic-6d6776db88bc05414be342f8c8ee6ad9.woff2 was preloaded using link preload but not used within a few seconds from the window's load event. Please make sure it has an appropriate `as` value and it is preloaded intentionally. @ https://onlinelibrary.wiley.com/doi/10.1111/1346-8138.15472:0
[   47520ms] [WARNING] The resource https://onlinelibrary.wiley.com/products/acropolis/pericles/releasedAssets/fonts/source-serif-pro/source-serif-pro-v5-latin-regular-80b2da76a0438320789aa7091b21055a.woff2 was preloaded using link preload but not used within a few seconds from the window's load event. Please make sure it has an appropriate `as` value and it is preloaded intentionally. @ https://onlinelibrary.wiley.com/doi/10.1111/1346-8138.15472:0
[   47520ms] [WARNING] The resource https://onlinelibrary.wiley.com/products/acropolis/pericles/releasedAssets/fonts/open-sans/open-sans-v15-latin-300italic-f87536f8fce296ba6c4205276423d1f8.woff2 was preloaded using link preload but not used within a few seconds from the window's load event. Please make sure it has an appropriate `as` value and it is preloaded intentionally. @ https://onlinelibrary.wiley.com/doi/10.1111/1346-8138.15472:0
[   47520ms] [WARNING] The resource https://onlinelibrary.wiley.com/products/acropolis/pericles/releasedAssets/fonts/open-sans/open-sans-v29-latin-ext-300italic-3db9f2e1daaac364a9a5be78d0293585.woff2 was preloaded using link preload but not used within a few seconds from the window's load event. Please make sure it has an appropriate `as` value and it is preloaded intentionally. @ https://onlinelibrary.wiley.com/doi/10.1111/1346-8138.15472:0
[   47520ms] [WARNING] The resource https://onlinelibrary.wiley.com/products/acropolis/pericles/releasedAssets/fonts/open-sans/open-sans-v15-latin-700italic-aff641ffb783d3346c2a56316eb86fea.woff2 was preloaded using link preload but not used within a few seconds from the window's load event. Please make sure it has an appropriate `as` value and it is preloaded intentionally. @ https://onlinelibrary.wiley.com/doi/10.1111/1346-8138.15472:0
[   47520ms] [WARNING] The resource https://onlinelibrary.wiley.com/products/acropolis/pericles/releasedAssets/fonts/open-sans/open-sans-v29-latin-ext-italic-2b6b4e6c5b21536d981f80949b396264.woff2 was preloaded using link preload but not used within a few seconds from the window's load event. Please make sure it has an appropriate `as` value and it is preloaded intentionally. @ https://onlinelibrary.wiley.com/doi/10.1111/1346-8138.15472:0
[   47520ms] [WARNING] The resource https://onlinelibrary.wiley.com/products/acropolis/pericles/releasedAssets/fonts/open-sans/open-sans-v34-latin-ext-300-c02b27b95119783b496326ecb22cc429.woff2 was preloaded using link preload but not used within a few seconds from the window's load event. Please make sure it has an appropriate `as` value and it is preloaded intentionally. @ https://onlinelibrary.wiley.com/doi/10.1111/1346-8138.15472:0
[   47520ms] [WARNING] The resource https://onlinelibrary.wiley.com/products/acropolis/pericles/releasedAssets/fonts/open-sans/open-sans-v15-latin-italic-30e38142e06c4c0ee948fc7d851ad780.woff2 was preloaded using link preload but not used within a few seconds from the window's load event. Please make sure it has an appropriate `as` value and it is preloaded intentionally. @ https://onlinelibrary.wiley.com/doi/10.1111/1346-8138.15472:0
[   47520ms] [WARNING] The resource https://onlinelibrary.wiley.com/products/acropolis/pericles/releasedAssets/fonts/open-sans/open-sans-v15-latin-300-f2ebdee8c2343f558a0221d276957606.woff2 was preloaded using link preload but not used within a few seconds from the window's load event. Please make sure it has an appropriate `as` value and it is preloaded intentionally. @ https://onlinelibrary.wiley.com/doi/10.1111/1346-8138.15472:0
[   47520ms] [WARNING] The resource https://onlinelibrary.wiley.com/products/acropolis/pericles/releasedAssets/fonts/open-sans/open-sans-v29-latin-ext-300-53a72308edae8f52dfe45352d474466f.woff2 was preloaded using link preload but not used within a few seconds from the window's load event. Please make sure it has an appropriate `as` value and it is preloaded intentionally. @ https://onlinelibrary.wiley.com/doi/10.1111/1346-8138.15472:0
[   47521ms] [WARNING] The resource https://onlinelibrary.wiley.com/products/acropolis/pericles/releasedAssets/fonts/open-sans/open-sans-v34-latin-ext-600italic-0c935711cfb2e1e8f22ec36a8ccfafb2.woff2 was preloaded using link preload but not used within a few seconds from the window's load event. Please make sure it has an appropriate `as` value and it is preloaded intentionally. @ https://onlinelibrary.wiley.com/doi/10.1111/1346-8138.15472:0
[   47521ms] [WARNING] The resource https://onlinelibrary.wiley.com/products/acropolis/pericles/releasedAssets/fonts/open-sans/open-sans-v29-latin-ext-600-5ea434b2a50014495a3280ca861d474d.woff2 was preloaded using link preload but not used within a few seconds from the window's load event. Please make sure it has an appropriate `as` value and it is preloaded intentionally. @ https://onlinelibrary.wiley.com/doi/10.1111/1346-8138.15472:0
[   47521ms] [WARNING] The resource https://onlinelibrary.wiley.com/products/acropolis/pericles/releasedAssets/fonts/open-sans/open-sans-v34-latin-ext-italic-3e38a3ad85a9d7971ef16a1e8a3f2e7f.woff2 was preloaded using link preload but not used within a few seconds from the window's load event. Please make sure it has an appropriate `as` value and it is preloaded intentionally. @ https://onlinelibrary.wiley.com/doi/10.1111/1346-8138.15472:0
[   47521ms] [WARNING] The resource https://onlinelibrary.wiley.com/products/acropolis/pericles/releasedAssets/fonts/source-serif-pro/source-serif-pro-v5-latin-700-de41b2bc81b8d395f1ede0f357968cb0.woff2 was preloaded using link preload but not used within a few seconds from the window's load event. Please make sure it has an appropriate `as` value and it is preloaded intentionally. @ https://onlinelibrary.wiley.com/doi/10.1111/1346-8138.15472:0
[   47521ms] [WARNING] The resource https://onlinelibrary.wiley.com/products/acropolis/pericles/releasedAssets/fonts/open-sans/open-sans-v15-latin-700-7435e6c2064f36f486266e516e9838b8.woff2 was preloaded using link preload but not used within a few seconds from the window's load event. Please make sure it has an appropriate `as` value and it is preloaded intentionally. @ https://onlinelibrary.wiley.com/doi/10.1111/1346-8138.15472:0
[   47521ms] [WARNING] The resource https://onlinelibrary.wiley.com/products/acropolis/pericles/releasedAssets/fonts/open-sans/open-sans-v34-latin-ext-300italic-b89e08a52a38d3a5fa12b265ef1799e4.woff2 was preloaded using link preload but not used within a few seconds from the window's load event. Please make sure it has an appropriate `as` value and it is preloaded intentionally. @ https://onlinelibrary.wiley.com/doi/10.1111/1346-8138.15472:0
[   47521ms] [WARNING] The resource https://onlinelibrary.wiley.com/products/acropolis/pericles/releasedAssets/fonts/open-sans/open-sans-v29-latin-ext-regular-ccfa20f8de7f73249c39bd9b206e0b3b.woff2 was preloaded using link preload but not used within a few seconds from the window's load event. Please make sure it has an appropriate `as` value and it is preloaded intentionally. @ https://onlinelibrary.wiley.com/doi/10.1111/1346-8138.15472:0
[   47521ms] [WARNING] The resource https://onlinelibrary.wiley.com/products/acropolis/pericles/releasedAssets/fonts/open-sans/open-sans-v29-latin-ext-600italic-21d098b9bf85845fdaac6c732e6c94de.woff2 was preloaded using link preload but not used within a few seconds from the window's load event. Please make sure it has an appropriate `as` value and it is preloaded intentionally. @ https://onlinelibrary.wiley.com/doi/10.1111/1346-8138.15472:0
[   47521ms] [WARNING] The resource https://onlinelibrary.wiley.com/products/acropolis/pericles/releasedAssets/fonts/open-sans/open-sans-v15-latin-600italic-fe6c0e0a84eb03400dc58528fcdaad00.woff2 was preloaded using link preload but not used within a few seconds from the window's load event. Please make sure it has an appropriate `as` value and it is preloaded intentionally. @ https://onlinelibrary.wiley.com/doi/10.1111/1346-8138.15472:0
