[    2822ms] [INFO] Powered by AMP ⚡ HTML – Version 2605071401000 https://kknews.cc/zh-mo/tech/9yrqpeq.amp @ https://cdn.ampproject.org/v0.js:1
[    4005ms] [WARNING] [amp-auto-ads] No anchor element found @ https://cdn.ampproject.org/v0.js:1
[    4006ms] [WARNING] [amp-auto-ads] No anchor element found @ https://cdn.ampproject.org/v0.js:1
[    4006ms] [WARNING] [amp-auto-ads] No anchor element found @ https://cdn.ampproject.org/v0.js:1
[    4006ms] [WARNING] [amp-auto-ads] No anchor element found @ https://cdn.ampproject.org/v0.js:1
[    4006ms] [WARNING] [amp-auto-ads] No anchor element found @ https://cdn.ampproject.org/v0.js:1
[    4006ms] [WARNING] [amp-auto-ads] No anchor element found @ https://cdn.ampproject.org/v0.js:1
[    4006ms] [WARNING] [amp-auto-ads] No anchor element found @ https://cdn.ampproject.org/v0.js:1
[    4006ms] [WARNING] [amp-auto-ads] No anchor element found @ https://cdn.ampproject.org/v0.js:1
[    4006ms] [WARNING] [amp-auto-ads] No anchor element found @ https://cdn.ampproject.org/v0.js:1
[    4006ms] [WARNING] [amp-auto-ads] No anchor element found @ https://cdn.ampproject.org/v0.js:1
[    4006ms] [WARNING] [amp-auto-ads] No anchor element found @ https://cdn.ampproject.org/v0.js:1
[    4006ms] [WARNING] [amp-auto-ads] No anchor element found @ https://cdn.ampproject.org/v0.js:1
[    4006ms] [WARNING] [amp-auto-ads] No anchor element found @ https://cdn.ampproject.org/v0.js:1
[    4006ms] [WARNING] [amp-auto-ads] No anchor element found @ https://cdn.ampproject.org/v0.js:1
[    4006ms] [WARNING] [amp-auto-ads] No anchor element found @ https://cdn.ampproject.org/v0.js:1
[    4006ms] [WARNING] [amp-auto-ads] No anchor element found @ https://cdn.ampproject.org/v0.js:1
[    4006ms] [WARNING] [amp-auto-ads] No anchor element found @ https://cdn.ampproject.org/v0.js:1
[    4006ms] [WARNING] [amp-auto-ads] No anchor element found @ https://cdn.ampproject.org/v0.js:1
[    4006ms] [WARNING] [amp-auto-ads] No anchor element found @ https://cdn.ampproject.org/v0.js:1
[    4006ms] [WARNING] [amp-auto-ads] No anchor element found @ https://cdn.ampproject.org/v0.js:1
[    4006ms] [WARNING] [amp-auto-ads] No anchor element found @ https://cdn.ampproject.org/v0.js:1
[    4006ms] [WARNING] [amp-auto-ads] No anchor element found @ https://cdn.ampproject.org/v0.js:1
[    4006ms] [WARNING] [amp-auto-ads] No anchor element found @ https://cdn.ampproject.org/v0.js:1
[    4006ms] [WARNING] [amp-auto-ads] No anchor element found @ https://cdn.ampproject.org/v0.js:1
[    4007ms] [WARNING] [amp-auto-ads] No anchor element found @ https://cdn.ampproject.org/v0.js:1
[    4007ms] [WARNING] [amp-auto-ads] No anchor element found @ https://cdn.ampproject.org/v0.js:1
[    4007ms] [WARNING] [amp-auto-ads] No anchor element found @ https://cdn.ampproject.org/v0.js:1
[    4007ms] [WARNING] [amp-auto-ads] No anchor element found @ https://cdn.ampproject.org/v0.js:1
[    4007ms] [WARNING] [amp-auto-ads] No anchor element found @ https://cdn.ampproject.org/v0.js:1
[    4007ms] [WARNING] [amp-auto-ads] No anchor element found @ https://cdn.ampproject.org/v0.js:1
[    4007ms] [WARNING] [amp-auto-ads] No anchor element found @ https://cdn.ampproject.org/v0.js:1
[    4007ms] [WARNING] [amp-auto-ads] No anchor element found @ https://cdn.ampproject.org/v0.js:1
[    4007ms] [WARNING] [amp-auto-ads] No anchor element found @ https://cdn.ampproject.org/v0.js:1
[    4007ms] [WARNING] [amp-auto-ads] No anchor element found @ https://cdn.ampproject.org/v0.js:1
[    4007ms] [WARNING] [amp-auto-ads] No anchor element found @ https://cdn.ampproject.org/v0.js:1
[    4007ms] [WARNING] [amp-auto-ads] No anchor element found @ https://cdn.ampproject.org/v0.js:1
[    4007ms] [WARNING] [amp-auto-ads] No anchor element found @ https://cdn.ampproject.org/v0.js:1
[    4007ms] [WARNING] [amp-auto-ads] No anchor element found @ https://cdn.ampproject.org/v0.js:1
[    4007ms] [WARNING] [amp-auto-ads] No anchor element found @ https://cdn.ampproject.org/v0.js:1
[    4007ms] [WARNING] [amp-auto-ads] No anchor element found @ https://cdn.ampproject.org/v0.js:1
[    4007ms] [WARNING] [amp-auto-ads] No anchor element found @ https://cdn.ampproject.org/v0.js:1
[    4007ms] [WARNING] [amp-auto-ads] No anchor element found @ https://cdn.ampproject.org/v0.js:1
[    4007ms] [WARNING] [amp-auto-ads] No anchor element found @ https://cdn.ampproject.org/v0.js:1
[    4007ms] [WARNING] [amp-auto-ads] No anchor element found @ https://cdn.ampproject.org/v0.js:1
[    4007ms] [WARNING] [amp-auto-ads] No anchor element found @ https://cdn.ampproject.org/v0.js:1
[    4007ms] [WARNING] [amp-auto-ads] No anchor element found @ https://cdn.ampproject.org/v0.js:1
[    4007ms] [WARNING] [amp-auto-ads] No anchor element found @ https://cdn.ampproject.org/v0.js:1
[    4007ms] [WARNING] [amp-auto-ads] No anchor element found @ https://cdn.ampproject.org/v0.js:1
[    4007ms] [WARNING] [amp-auto-ads] No anchor element found @ https://cdn.ampproject.org/v0.js:1
[    4007ms] [WARNING] [amp-auto-ads] No anchor element found @ https://cdn.ampproject.org/v0.js:1
[    4007ms] [WARNING] [amp-auto-ads] No anchor element found @ https://cdn.ampproject.org/v0.js:1
[    4007ms] [WARNING] [amp-auto-ads] No anchor element found @ https://cdn.ampproject.org/v0.js:1
[    4007ms] [WARNING] [amp-auto-ads] No anchor element found @ https://cdn.ampproject.org/v0.js:1
[    4007ms] [WARNING] [amp-auto-ads] No anchor element found @ https://cdn.ampproject.org/v0.js:1
[    4007ms] [WARNING] [amp-auto-ads] No anchor element found @ https://cdn.ampproject.org/v0.js:1
[    4007ms] [WARNING] [amp-auto-ads] No anchor element found @ https://cdn.ampproject.org/v0.js:1
[    4007ms] [WARNING] [amp-auto-ads] No anchor element found @ https://cdn.ampproject.org/v0.js:1
[    4007ms] [WARNING] [amp-auto-ads] No anchor element found @ https://cdn.ampproject.org/v0.js:1
[    4007ms] [WARNING] [amp-auto-ads] No anchor element found @ https://cdn.ampproject.org/v0.js:1
[    4007ms] [WARNING] [amp-auto-ads] No anchor element found @ https://cdn.ampproject.org/v0.js:1
[    4007ms] [WARNING] [amp-auto-ads] No anchor element found @ https://cdn.ampproject.org/v0.js:1
[    4007ms] [WARNING] [amp-auto-ads] No anchor element found @ https://cdn.ampproject.org/v0.js:1
[    4007ms] [WARNING] [amp-auto-ads] No anchor element found @ https://cdn.ampproject.org/v0.js:1
[    4007ms] [WARNING] [amp-auto-ads] No anchor element found @ https://cdn.ampproject.org/v0.js:1
[    4007ms] [WARNING] [amp-auto-ads] No anchor element found @ https://cdn.ampproject.org/v0.js:1
[    4007ms] [WARNING] [amp-auto-ads] No anchor element found @ https://cdn.ampproject.org/v0.js:1
[    4007ms] [WARNING] [amp-auto-ads] No anchor element found @ https://cdn.ampproject.org/v0.js:1
[    4007ms] [WARNING] [amp-auto-ads] No anchor element found @ https://cdn.ampproject.org/v0.js:1
[    4007ms] [WARNING] [amp-auto-ads] No anchor element found @ https://cdn.ampproject.org/v0.js:1
[    4007ms] [WARNING] [amp-auto-ads] No anchor element found @ https://cdn.ampproject.org/v0.js:1
[    4007ms] [WARNING] [amp-auto-ads] No anchor element found @ https://cdn.ampproject.org/v0.js:1
[    4007ms] [WARNING] [amp-auto-ads] No anchor element found @ https://cdn.ampproject.org/v0.js:1
[    4007ms] [WARNING] [amp-auto-ads] No anchor element found @ https://cdn.ampproject.org/v0.js:1
[    4008ms] [WARNING] [amp-auto-ads] No anchor element found @ https://cdn.ampproject.org/v0.js:1
[    4008ms] [WARNING] [amp-auto-ads] No anchor element found @ https://cdn.ampproject.org/v0.js:1
[    4008ms] [WARNING] [amp-auto-ads] No anchor element found @ https://cdn.ampproject.org/v0.js:1
[    4008ms] [WARNING] [amp-auto-ads] No anchor element found @ https://cdn.ampproject.org/v0.js:1
[    4008ms] [WARNING] [amp-auto-ads] No anchor element found @ https://cdn.ampproject.org/v0.js:1
[    4008ms] [WARNING] [amp-auto-ads] No anchor element found @ https://cdn.ampproject.org/v0.js:1
[    4008ms] [WARNING] [amp-auto-ads] No anchor element found @ https://cdn.ampproject.org/v0.js:1
[    4008ms] [WARNING] [amp-auto-ads] No anchor element found @ https://cdn.ampproject.org/v0.js:1
[    4008ms] [WARNING] [amp-auto-ads] No anchor element found @ https://cdn.ampproject.org/v0.js:1
[    4008ms] [WARNING] [amp-auto-ads] No anchor element found @ https://cdn.ampproject.org/v0.js:1
[    4008ms] [WARNING] [amp-auto-ads] No anchor element found @ https://cdn.ampproject.org/v0.js:1
[    4008ms] [WARNING] [amp-auto-ads] No anchor element found @ https://cdn.ampproject.org/v0.js:1
[    4008ms] [WARNING] [amp-auto-ads] No anchor element found @ https://cdn.ampproject.org/v0.js:1
[    9413ms] [ERROR] Attestation check for Shared Storage on https://www.googleadservices.com failed. @ https://www.googleadservices.com/pagead/managed/js/activeview/current/reach_worklet.html:0
[    9424ms] [ERROR] Attestation check for Shared Storage on https://www.googleadservices.com failed. @ https://www.googleadservices.com/pagead/managed/js/activeview/current/reach_worklet.html:0
[   14712ms] [WARNING] The resource https://d-685362124593144810.ampproject.net/2605071401000/nameframe.html was preloaded using link preload but not used within a few seconds from the window's load event. Please make sure it has an appropriate `as` value and it is preloaded intentionally. @ https://kknews.cc/zh-mo/tech/9yrqpeq.amp:0
[   16231ms] [ERROR] Failed to load: https://ti2.kknews.cc/tcj0eACjiZ7j9OC_ZqHamYGpovsV6bYU/0.jpg​​​ @ https://cdn.ampproject.org/v0.js:1
[   19233ms] [WARNING] The resource https://d-685362124593144810.ampproject.net/2605071401000/nameframe.html was preloaded using link preload but not used within a few seconds from the window's load event. Please make sure it has an appropriate `as` value and it is preloaded intentionally. @ https://kknews.cc/zh-mo/tech/9yrqpeq.amp:0
[   25361ms] [WARNING] The resource https://d-685362124593144810.ampproject.net/2605071401000/nameframe.html was preloaded using link preload but not used within a few seconds from the window's load event. Please make sure it has an appropriate `as` value and it is preloaded intentionally. @ https://kknews.cc/zh-mo/tech/9yrqpeq.amp:0
